<?xml version="1.0" encoding="UTF-8"?>
<testsuite xmlns:xsi="http://www.w3.org/2001/XMLSchema-instance" xsi:noNamespaceSchemaLocation="https://maven.apache.org/surefire/maven-surefire-plugin/xsd/surefire-test-report.xsd" name="com.example.demo.ConnectgramApplicationTests" time="11.456" tests="1" errors="0" skipped="0" failures="0">
  <properties>
    <property name="sun.desktop" value="windows"/>
    <property name="awt.toolkit" value="sun.awt.windows.WToolkit"/>
    <property name="file.encoding.pkg" value="sun.io"/>
    <property name="java.specification.version" value="1.8"/>
    <property name="sun.cpu.isalist" value="amd64"/>
    <property name="sun.jnu.encoding" value="MS932"/>
    <property name="java.class.path" value="C:\Users\conne\git\takashiro-project\takashiro-project\connectgram\target\test-classes;C:\Users\conne\git\takashiro-project\takashiro-project\connectgram\target\classes;C:\Users\conne\.m2\repository\org\projectlombok\lombok\1.18.8\lombok-1.18.8.jar;C:\Users\conne\.m2\repository\mysql\mysql-connector-java\8.0.16\mysql-connector-java-8.0.16.jar;C:\Users\conne\.m2\repository\org\springframework\boot\spring-boot-starter-web\2.1.5.RELEASE\spring-boot-starter-web-2.1.5.RELEASE.jar;C:\Users\conne\.m2\repository\org\springframework\boot\spring-boot-starter\2.1.5.RELEASE\spring-boot-starter-2.1.5.RELEASE.jar;C:\Users\conne\.m2\repository\org\springframework\boot\spring-boot\2.1.5.RELEASE\spring-boot-2.1.5.RELEASE.jar;C:\Users\conne\.m2\repository\org\springframework\boot\spring-boot-autoconfigure\2.1.5.RELEASE\spring-boot-autoconfigure-2.1.5.RELEASE.jar;C:\Users\conne\.m2\repository\org\springframework\boot\spring-boot-starter-logging\2.1.5.RELEASE\spring-boot-starter-logging-2.1.5.RELEASE.jar;C:\Users\conne\.m2\repository\ch\qos\logback\logback-classic\1.2.3\logback-classic-1.2.3.jar;C:\Users\conne\.m2\repository\ch\qos\logback\logback-core\1.2.3\logback-core-1.2.3.jar;C:\Users\conne\.m2\repository\org\apache\logging\log4j\log4j-to-slf4j\2.11.2\log4j-to-slf4j-2.11.2.jar;C:\Users\conne\.m2\repository\org\apache\logging\log4j\log4j-api\2.11.2\log4j-api-2.11.2.jar;C:\Users\conne\.m2\repository\org\slf4j\jul-to-slf4j\1.7.26\jul-to-slf4j-1.7.26.jar;C:\Users\conne\.m2\repository\javax\annotation\javax.annotation-api\1.3.2\javax.annotation-api-1.3.2.jar;C:\Users\conne\.m2\repository\org\yaml\snakeyaml\1.23\snakeyaml-1.23.jar;C:\Users\conne\.m2\repository\org\springframework\boot\spring-boot-starter-tomcat\2.1.5.RELEASE\spring-boot-starter-tomcat-2.1.5.RELEASE.jar;C:\Users\conne\.m2\repository\org\apache\tomcat\embed\tomcat-embed-core\9.0.19\tomcat-embed-core-9.0.19.jar;C:\Users\conne\.m2\repository\org\apache\tomcat\embed\tomcat-embed-el\9.0.19\tomcat-embed-el-9.0.19.jar;C:\Users\conne\.m2\repository\org\apache\tomcat\embed\tomcat-embed-websocket\9.0.19\tomcat-embed-websocket-9.0.19.jar;C:\Users\conne\.m2\repository\org\hibernate\validator\hibernate-validator\6.0.16.Final\hibernate-validator-6.0.16.Final.jar;C:\Users\conne\.m2\repository\javax\validation\validation-api\2.0.1.Final\validation-api-2.0.1.Final.jar;C:\Users\conne\.m2\repository\org\jboss\logging\jboss-logging\3.3.2.Final\jboss-logging-3.3.2.Final.jar;C:\Users\conne\.m2\repository\com\fasterxml\classmate\1.4.0\classmate-1.4.0.jar;C:\Users\conne\.m2\repository\org\springframework\spring-web\5.1.7.RELEASE\spring-web-5.1.7.RELEASE.jar;C:\Users\conne\.m2\repository\org\springframework\spring-webmvc\5.1.7.RELEASE\spring-webmvc-5.1.7.RELEASE.jar;C:\Users\conne\.m2\repository\org\springframework\boot\spring-boot-starter-test\2.1.5.RELEASE\spring-boot-starter-test-2.1.5.RELEASE.jar;C:\Users\conne\.m2\repository\org\springframework\boot\spring-boot-test\2.1.5.RELEASE\spring-boot-test-2.1.5.RELEASE.jar;C:\Users\conne\.m2\repository\org\springframework\boot\spring-boot-test-autoconfigure\2.1.5.RELEASE\spring-boot-test-autoconfigure-2.1.5.RELEASE.jar;C:\Users\conne\.m2\repository\com\jayway\jsonpath\json-path\2.4.0\json-path-2.4.0.jar;C:\Users\conne\.m2\repository\net\minidev\json-smart\2.3\json-smart-2.3.jar;C:\Users\conne\.m2\repository\net\minidev\accessors-smart\1.2\accessors-smart-1.2.jar;C:\Users\conne\.m2\repository\org\ow2\asm\asm\5.0.4\asm-5.0.4.jar;C:\Users\conne\.m2\repository\org\slf4j\slf4j-api\1.7.26\slf4j-api-1.7.26.jar;C:\Users\conne\.m2\repository\junit\junit\4.12\junit-4.12.jar;C:\Users\conne\.m2\repository\org\assertj\assertj-core\3.11.1\assertj-core-3.11.1.jar;C:\Users\conne\.m2\repository\org\mockito\mockito-core\2.23.4\mockito-core-2.23.4.jar;C:\Users\conne\.m2\repository\net\bytebuddy\byte-buddy\1.9.12\byte-buddy-1.9.12.jar;C:\Users\conne\.m2\repository\net\bytebuddy\byte-buddy-agent\1.9.12\byte-buddy-agent-1.9.12.jar;C:\Users\conne\.m2\repository\org\objenesis\objenesis\2.6\objenesis-2.6.jar;C:\Users\conne\.m2\repository\org\hamcrest\hamcrest-core\1.3\hamcrest-core-1.3.jar;C:\Users\conne\.m2\repository\org\hamcrest\hamcrest-library\1.3\hamcrest-library-1.3.jar;C:\Users\conne\.m2\repository\org\skyscreamer\jsonassert\1.5.0\jsonassert-1.5.0.jar;C:\Users\conne\.m2\repository\com\vaadin\external\google\android-json\0.0.20131108.vaadin1\android-json-0.0.20131108.vaadin1.jar;C:\Users\conne\.m2\repository\org\springframework\spring-core\5.1.7.RELEASE\spring-core-5.1.7.RELEASE.jar;C:\Users\conne\.m2\repository\org\springframework\spring-test\5.1.7.RELEASE\spring-test-5.1.7.RELEASE.jar;C:\Users\conne\.m2\repository\org\xmlunit\xmlunit-core\2.6.2\xmlunit-core-2.6.2.jar;C:\Users\conne\.m2\repository\org\springframework\boot\spring-boot-starter-thymeleaf\2.1.5.RELEASE\spring-boot-starter-thymeleaf-2.1.5.RELEASE.jar;C:\Users\conne\.m2\repository\org\thymeleaf\thymeleaf-spring5\3.0.11.RELEASE\thymeleaf-spring5-3.0.11.RELEASE.jar;C:\Users\conne\.m2\repository\org\thymeleaf\thymeleaf\3.0.11.RELEASE\thymeleaf-3.0.11.RELEASE.jar;C:\Users\conne\.m2\repository\org\attoparser\attoparser\2.0.5.RELEASE\attoparser-2.0.5.RELEASE.jar;C:\Users\conne\.m2\repository\org\unbescape\unbescape\1.1.6.RELEASE\unbescape-1.1.6.RELEASE.jar;C:\Users\conne\.m2\repository\org\thymeleaf\extras\thymeleaf-extras-java8time\3.0.4.RELEASE\thymeleaf-extras-java8time-3.0.4.RELEASE.jar;C:\Users\conne\.m2\repository\org\springframework\boot\spring-boot-starter-data-jpa\2.1.5.RELEASE\spring-boot-starter-data-jpa-2.1.5.RELEASE.jar;C:\Users\conne\.m2\repository\org\springframework\boot\spring-boot-starter-aop\2.1.5.RELEASE\spring-boot-starter-aop-2.1.5.RELEASE.jar;C:\Users\conne\.m2\repository\org\aspectj\aspectjweaver\1.9.4\aspectjweaver-1.9.4.jar;C:\Users\conne\.m2\repository\javax\transaction\javax.transaction-api\1.3\javax.transaction-api-1.3.jar;C:\Users\conne\.m2\repository\javax\xml\bind\jaxb-api\2.3.1\jaxb-api-2.3.1.jar;C:\Users\conne\.m2\repository\javax\activation\javax.activation-api\1.2.0\javax.activation-api-1.2.0.jar;C:\Users\conne\.m2\repository\org\hibernate\hibernate-core\5.3.10.Final\hibernate-core-5.3.10.Final.jar;C:\Users\conne\.m2\repository\javax\persistence\javax.persistence-api\2.2\javax.persistence-api-2.2.jar;C:\Users\conne\.m2\repository\org\javassist\javassist\3.23.2-GA\javassist-3.23.2-GA.jar;C:\Users\conne\.m2\repository\antlr\antlr\2.7.7\antlr-2.7.7.jar;C:\Users\conne\.m2\repository\org\jboss\jandex\2.0.5.Final\jandex-2.0.5.Final.jar;C:\Users\conne\.m2\repository\org\dom4j\dom4j\2.1.1\dom4j-2.1.1.jar;C:\Users\conne\.m2\repository\org\hibernate\common\hibernate-commons-annotations\5.0.4.Final\hibernate-commons-annotations-5.0.4.Final.jar;C:\Users\conne\.m2\repository\org\springframework\data\spring-data-jpa\2.1.8.RELEASE\spring-data-jpa-2.1.8.RELEASE.jar;C:\Users\conne\.m2\repository\org\springframework\data\spring-data-commons\2.1.8.RELEASE\spring-data-commons-2.1.8.RELEASE.jar;C:\Users\conne\.m2\repository\org\springframework\spring-orm\5.1.7.RELEASE\spring-orm-5.1.7.RELEASE.jar;C:\Users\conne\.m2\repository\org\springframework\spring-tx\5.1.7.RELEASE\spring-tx-5.1.7.RELEASE.jar;C:\Users\conne\.m2\repository\org\springframework\spring-aspects\5.1.7.RELEASE\spring-aspects-5.1.7.RELEASE.jar;C:\Users\conne\.m2\repository\org\springframework\session\spring-session-core\2.1.6.RELEASE\spring-session-core-2.1.6.RELEASE.jar;C:\Users\conne\.m2\repository\org\springframework\spring-jcl\5.1.7.RELEASE\spring-jcl-5.1.7.RELEASE.jar;C:\Users\conne\.m2\repository\org\springframework\security\spring-security-web\5.1.5.RELEASE\spring-security-web-5.1.5.RELEASE.jar;C:\Users\conne\.m2\repository\org\springframework\security\spring-security-core\5.1.5.RELEASE\spring-security-core-5.1.5.RELEASE.jar;C:\Users\conne\.m2\repository\org\springframework\spring-aop\5.1.7.RELEASE\spring-aop-5.1.7.RELEASE.jar;C:\Users\conne\.m2\repository\org\springframework\spring-beans\5.1.7.RELEASE\spring-beans-5.1.7.RELEASE.jar;C:\Users\conne\.m2\repository\org\springframework\spring-context\5.1.7.RELEASE\spring-context-5.1.7.RELEASE.jar;C:\Users\conne\.m2\repository\org\springframework\spring-expression\5.1.7.RELEASE\spring-expression-5.1.7.RELEASE.jar;C:\Users\conne\.m2\repository\org\springframework\security\spring-security-config\5.1.5.RELEASE\spring-security-config-5.1.5.RELEASE.jar;C:\Users\conne\.m2\repository\org\springframework\security\spring-security-taglibs\5.1.5.RELEASE\spring-security-taglibs-5.1.5.RELEASE.jar;C:\Users\conne\.m2\repository\org\springframework\security\spring-security-acl\5.1.5.RELEASE\spring-security-acl-5.1.5.RELEASE.jar;C:\Users\conne\.m2\repository\org\springframework\boot\spring-boot-starter-json\2.1.5.RELEASE\spring-boot-starter-json-2.1.5.RELEASE.jar;C:\Users\conne\.m2\repository\com\fasterxml\jackson\core\jackson-databind\2.9.8\jackson-databind-2.9.8.jar;C:\Users\conne\.m2\repository\com\fasterxml\jackson\core\jackson-annotations\2.9.0\jackson-annotations-2.9.0.jar;C:\Users\conne\.m2\repository\com\fasterxml\jackson\core\jackson-core\2.9.8\jackson-core-2.9.8.jar;C:\Users\conne\.m2\repository\com\fasterxml\jackson\datatype\jackson-datatype-jdk8\2.9.8\jackson-datatype-jdk8-2.9.8.jar;C:\Users\conne\.m2\repository\com\fasterxml\jackson\datatype\jackson-datatype-jsr310\2.9.8\jackson-datatype-jsr310-2.9.8.jar;C:\Users\conne\.m2\repository\com\fasterxml\jackson\module\jackson-module-parameter-names\2.9.8\jackson-module-parameter-names-2.9.8.jar;C:\Users\conne\.m2\repository\com\microsoft\azure\azure-webapp-maven-plugin\1.4.0\azure-webapp-maven-plugin-1.4.0.jar;C:\Users\conne\.m2\repository\org\apache\maven\maven-plugin-api\3.3.3\maven-plugin-api-3.3.3.jar;C:\Users\conne\.m2\repository\org\apache\maven\maven-artifact\3.3.3\maven-artifact-3.3.3.jar;C:\Users\conne\.m2\repository\org\eclipse\sisu\org.eclipse.sisu.plexus\0.3.0\org.eclipse.sisu.plexus-0.3.0.jar;C:\Users\conne\.m2\repository\javax\enterprise\cdi-api\1.0\cdi-api-1.0.jar;C:\Users\conne\.m2\repository\javax\annotation\jsr250-api\1.0\jsr250-api-1.0.jar;C:\Users\conne\.m2\repository\org\eclipse\sisu\org.eclipse.sisu.inject\0.3.0\org.eclipse.sisu.inject-0.3.0.jar;C:\Users\conne\.m2\repository\org\apache\maven\maven-core\3.3.3\maven-core-3.3.3.jar;C:\Users\conne\.m2\repository\org\apache\maven\maven-settings-builder\3.3.3\maven-settings-builder-3.3.3.jar;C:\Users\conne\.m2\repository\org\apache\maven\maven-builder-support\3.3.3\maven-builder-support-3.3.3.jar;C:\Users\conne\.m2\repository\org\apache\maven\maven-repository-metadata\3.3.3\maven-repository-metadata-3.3.3.jar;C:\Users\conne\.m2\repository\org\apache\maven\maven-model-builder\3.3.3\maven-model-builder-3.3.3.jar;C:\Users\conne\.m2\repository\org\apache\maven\maven-aether-provider\3.3.3\maven-aether-provider-3.3.3.jar;C:\Users\conne\.m2\repository\org\eclipse\aether\aether-spi\1.0.2.v20150114\aether-spi-1.0.2.v20150114.jar;C:\Users\conne\.m2\repository\org\eclipse\aether\aether-impl\1.0.2.v20150114\aether-impl-1.0.2.v20150114.jar;C:\Users\conne\.m2\repository\org\eclipse\aether\aether-api\1.0.2.v20150114\aether-api-1.0.2.v20150114.jar;C:\Users\conne\.m2\repository\org\eclipse\aether\aether-util\1.0.2.v20150114\aether-util-1.0.2.v20150114.jar;C:\Users\conne\.m2\repository\org\sonatype\sisu\sisu-guice\3.2.5\sisu-guice-3.2.5-no_aop.jar;C:\Users\conne\.m2\repository\javax\inject\javax.inject\1\javax.inject-1.jar;C:\Users\conne\.m2\repository\aopalliance\aopalliance\1.0\aopalliance-1.0.jar;C:\Users\conne\.m2\repository\org\codehaus\plexus\plexus-interpolation\1.21\plexus-interpolation-1.21.jar;C:\Users\conne\.m2\repository\org\codehaus\plexus\plexus-classworlds\2.5.2\plexus-classworlds-2.5.2.jar;C:\Users\conne\.m2\repository\org\codehaus\plexus\plexus-component-annotations\1.5.5\plexus-component-annotations-1.5.5.jar;C:\Users\conne\.m2\repository\org\sonatype\plexus\plexus-sec-dispatcher\1.3\plexus-sec-dispatcher-1.3.jar;C:\Users\conne\.m2\repository\org\sonatype\plexus\plexus-cipher\1.4\plexus-cipher-1.4.jar;C:\Users\conne\.m2\repository\org\apache\maven\maven-settings\3.3.3\maven-settings-3.3.3.jar;C:\Users\conne\.m2\repository\org\apache\maven\maven-model\3.3.3\maven-model-3.3.3.jar;C:\Users\conne\.m2\repository\org\codehaus\plexus\plexus-utils\3.0.20\plexus-utils-3.0.20.jar;C:\Users\conne\.m2\repository\com\microsoft\azure\azure-maven-plugin-lib\1.1.1\azure-maven-plugin-lib-1.1.1.jar;C:\Users\conne\.m2\repository\org\apache\maven\shared\maven-filtering\3.0.0\maven-filtering-3.0.0.jar;C:\Users\conne\.m2\repository\org\apache\maven\shared\maven-shared-utils\3.0.0\maven-shared-utils-3.0.0.jar;C:\Users\conne\.m2\repository\com\google\code\findbugs\jsr305\2.0.1\jsr305-2.0.1.jar;C:\Users\conne\.m2\repository\org\sonatype\plexus\plexus-build-api\0.0.7\plexus-build-api-0.0.7.jar;C:\Users\conne\.m2\repository\com\microsoft\azure\azure\1.14.0\azure-1.14.0.jar;C:\Users\conne\.m2\repository\com\microsoft\azure\azure-client-authentication\1.6.0\azure-client-authentication-1.6.0.jar;C:\Users\conne\.m2\repository\com\microsoft\azure\adal4j\1.1.2\adal4j-1.1.2.jar;C:\Users\conne\.m2\repository\com\nimbusds\oauth2-oidc-sdk\4.5\oauth2-oidc-sdk-4.5.jar;C:\Users\conne\.m2\repository\javax\mail\mail\1.4.7\mail-1.4.7.jar;C:\Users\conne\.m2\repository\javax\activation\activation\1.1\activation-1.1.jar;C:\Users\conne\.m2\repository\net\jcip\jcip-annotations\1.0\jcip-annotations-1.0.jar;C:\Users\conne\.m2\repository\com\nimbusds\lang-tag\1.4\lang-tag-1.4.jar;C:\Users\conne\.m2\repository\com\nimbusds\nimbus-jose-jwt\3.1.2\nimbus-jose-jwt-3.1.2.jar;C:\Users\conne\.m2\repository\org\bouncycastle\bcprov-jdk15on\1.51\bcprov-jdk15on-1.51.jar;C:\Users\conne\.m2\repository\com\microsoft\azure\azure-mgmt-network\1.14.0\azure-mgmt-network-1.14.0.jar;C:\Users\conne\.m2\repository\com\microsoft\azure\azure-mgmt-compute\1.14.0\azure-mgmt-compute-1.14.0.jar;C:\Users\conne\.m2\repository\com\google\code\gson\gson\2.8.5\gson-2.8.5.jar;C:\Users\conne\.m2\repository\com\microsoft\azure\azure-mgmt-graph-rbac\1.14.0\azure-mgmt-graph-rbac-1.14.0.jar;C:\Users\conne\.m2\repository\com\microsoft\azure\azure-mgmt-keyvault\1.14.0\azure-mgmt-keyvault-1.14.0.jar;C:\Users\conne\.m2\repository\com\microsoft\azure\azure-keyvault\1.0.0\azure-keyvault-1.0.0.jar;C:\Users\conne\.m2\repository\com\microsoft\azure\azure-keyvault-webkey\1.0.0\azure-keyvault-webkey-1.0.0.jar;C:\Users\conne\.m2\repository\com\microsoft\azure\azure-mgmt-batch\1.14.0\azure-mgmt-batch-1.14.0.jar;C:\Users\conne\.m2\repository\com\microsoft\azure\azure-mgmt-trafficmanager\1.14.0\azure-mgmt-trafficmanager-1.14.0.jar;C:\Users\conne\.m2\repository\com\microsoft\azure\azure-mgmt-dns\1.14.0\azure-mgmt-dns-1.14.0.jar;C:\Users\conne\.m2\repository\com\microsoft\azure\azure-mgmt-redis\1.14.0\azure-mgmt-redis-1.14.0.jar;C:\Users\conne\.m2\repository\com\microsoft\azure\azure-mgmt-appservice\1.14.0\azure-mgmt-appservice-1.14.0.jar;C:\Users\conne\.m2\repository\com\microsoft\azure\azure-storage\6.1.0\azure-storage-6.1.0.jar;C:\Users\conne\.m2\repository\com\microsoft\azure\azure-keyvault-core\0.8.0\azure-keyvault-core-0.8.0.jar;C:\Users\conne\.m2\repository\com\microsoft\azure\azure-mgmt-locks\1.14.0\azure-mgmt-locks-1.14.0.jar;C:\Users\conne\.m2\repository\com\microsoft\azure\azure-mgmt-eventhub\1.14.0\azure-mgmt-eventhub-1.14.0.jar;C:\Users\conne\.m2\repository\com\microsoft\azure\azure-mgmt-cdn\1.14.0\azure-mgmt-cdn-1.14.0.jar;C:\Users\conne\.m2\repository\com\microsoft\azure\azure-mgmt-sql\1.14.0\azure-mgmt-sql-1.14.0.jar;C:\Users\conne\.m2\repository\com\microsoft\azure\azure-mgmt-containerinstance\1.14.0\azure-mgmt-containerinstance-1.14.0.jar;C:\Users\conne\.m2\repository\com\microsoft\azure\azure-mgmt-containerregistry\1.14.0\azure-mgmt-containerregistry-1.14.0.jar;C:\Users\conne\.m2\repository\com\microsoft\azure\azure-mgmt-containerservice\1.14.0\azure-mgmt-containerservice-1.14.0.jar;C:\Users\conne\.m2\repository\com\microsoft\azure\azure-mgmt-cosmosdb\1.14.0\azure-mgmt-cosmosdb-1.14.0.jar;C:\Users\conne\.m2\repository\com\microsoft\azure\azure-mgmt-search\1.14.0\azure-mgmt-search-1.14.0.jar;C:\Users\conne\.m2\repository\com\microsoft\azure\azure-mgmt-msi\1.14.0\azure-mgmt-msi-1.14.0.jar;C:\Users\conne\.m2\repository\com\microsoft\azure\azure-mgmt-monitor\1.14.0\azure-mgmt-monitor-1.14.0.jar;C:\Users\conne\.m2\repository\com\microsoft\azure\azure-mgmt-servicebus\1.14.0\azure-mgmt-servicebus-1.14.0.jar;C:\Users\conne\.m2\repository\joda-time\joda-time\2.10.2\joda-time-2.10.2.jar;C:\Users\conne\.m2\repository\com\microsoft\azure\azure-mgmt-batchai\1.14.0\azure-mgmt-batchai-1.14.0.jar;C:\Users\conne\.m2\repository\com\microsoft\azure\applicationinsights-core\1.0.9\applicationinsights-core-1.0.9.jar;C:\Users\conne\.m2\repository\eu\infomas\annotation-detector\3.0.4\annotation-detector-3.0.4.jar;C:\Users\conne\.m2\repository\org\apache\commons\commons-lang3\3.8.1\commons-lang3-3.8.1.jar;C:\Users\conne\.m2\repository\org\apache\httpcomponents\httpclient\4.5.8\httpclient-4.5.8.jar;C:\Users\conne\.m2\repository\commons-net\commons-net\3.6\commons-net-3.6.jar;C:\Users\conne\.m2\repository\org\zeroturnaround\zt-zip\1.13\zt-zip-1.13.jar;C:\Users\conne\.m2\repository\com\microsoft\azure\azure-storage-spring-boot-starter\2.1.6\azure-storage-spring-boot-starter-2.1.6.jar;C:\Users\conne\.m2\repository\com\microsoft\azure\azure-spring-boot-starter\2.1.6\azure-spring-boot-starter-2.1.6.jar;C:\Users\conne\.m2\repository\org\springframework\boot\spring-boot-starter-validation\2.1.5.RELEASE\spring-boot-starter-validation-2.1.5.RELEASE.jar;C:\Users\conne\.m2\repository\com\microsoft\azure\azure-spring-boot\2.1.6\azure-spring-boot-2.1.6.jar;C:\Users\conne\.m2\repository\com\microsoft\azure\azure-storage-blob\10.1.0\azure-storage-blob-10.1.0.jar;C:\Users\conne\.m2\repository\com\microsoft\rest\v2\client-runtime\2.0.0\client-runtime-2.0.0.jar;C:\Users\conne\.m2\repository\io\netty\netty-handler\4.1.36.Final\netty-handler-4.1.36.Final.jar;C:\Users\conne\.m2\repository\io\netty\netty-common\4.1.36.Final\netty-common-4.1.36.Final.jar;C:\Users\conne\.m2\repository\io\netty\netty-transport\4.1.36.Final\netty-transport-4.1.36.Final.jar;C:\Users\conne\.m2\repository\io\netty\netty-resolver\4.1.36.Final\netty-resolver-4.1.36.Final.jar;C:\Users\conne\.m2\repository\io\netty\netty-codec\4.1.36.Final\netty-codec-4.1.36.Final.jar;C:\Users\conne\.m2\repository\io\netty\netty-handler-proxy\4.1.36.Final\netty-handler-proxy-4.1.36.Final.jar;C:\Users\conne\.m2\repository\io\netty\netty-codec-socks\4.1.36.Final\netty-codec-socks-4.1.36.Final.jar;C:\Users\conne\.m2\repository\io\netty\netty-buffer\4.1.36.Final\netty-buffer-4.1.36.Final.jar;C:\Users\conne\.m2\repository\io\netty\netty-codec-http\4.1.36.Final\netty-codec-http-4.1.36.Final.jar;C:\Users\conne\.m2\repository\com\fasterxml\jackson\dataformat\jackson-dataformat-xml\2.9.8\jackson-dataformat-xml-2.9.8.jar;C:\Users\conne\.m2\repository\com\fasterxml\jackson\module\jackson-module-jaxb-annotations\2.9.8\jackson-module-jaxb-annotations-2.9.8.jar;C:\Users\conne\.m2\repository\org\codehaus\woodstox\stax2-api\3.1.4\stax2-api-3.1.4.jar;C:\Users\conne\.m2\repository\com\fasterxml\woodstox\woodstox-core\5.0.3\woodstox-core-5.0.3.jar;C:\Users\conne\.m2\repository\io\reactivex\rxjava2\rxjava\2.2.8\rxjava-2.2.8.jar;C:\Users\conne\.m2\repository\org\reactivestreams\reactive-streams\1.0.2\reactive-streams-1.0.2.jar;C:\Users\conne\.m2\repository\commons-io\commons-io\2.3\commons-io-2.3.jar;C:\Users\conne\.m2\repository\commons-codec\commons-codec\1.11\commons-codec-1.11.jar;C:\Users\conne\.m2\repository\com\microsoft\azure\azure-mgmt-storage\1.14.0\azure-mgmt-storage-1.14.0.jar;C:\Users\conne\.m2\repository\com\microsoft\azure\azure-client-runtime\1.6.0\azure-client-runtime-1.6.0.jar;C:\Users\conne\.m2\repository\com\microsoft\rest\client-runtime\1.6.0\client-runtime-1.6.0.jar;C:\Users\conne\.m2\repository\com\google\guava\guava\20.0\guava-20.0.jar;C:\Users\conne\.m2\repository\com\squareup\retrofit2\retrofit\2.4.0\retrofit-2.4.0.jar;C:\Users\conne\.m2\repository\com\squareup\okhttp3\okhttp\3.11.0\okhttp-3.11.0.jar;C:\Users\conne\.m2\repository\com\squareup\okio\okio\1.14.0\okio-1.14.0.jar;C:\Users\conne\.m2\repository\com\squareup\okhttp3\logging-interceptor\3.11.0\logging-interceptor-3.11.0.jar;C:\Users\conne\.m2\repository\com\squareup\okhttp3\okhttp-urlconnection\3.11.0\okhttp-urlconnection-3.11.0.jar;C:\Users\conne\.m2\repository\com\squareup\retrofit2\converter-jackson\2.4.0\converter-jackson-2.4.0.jar;C:\Users\conne\.m2\repository\com\fasterxml\jackson\datatype\jackson-datatype-joda\2.9.8\jackson-datatype-joda-2.9.8.jar;C:\Users\conne\.m2\repository\com\squareup\retrofit2\adapter-rxjava\2.4.0\adapter-rxjava-2.4.0.jar;C:\Users\conne\.m2\repository\com\microsoft\azure\azure-mgmt-resources\1.14.0\azure-mgmt-resources-1.14.0.jar;C:\Users\conne\.m2\repository\org\slf4j\slf4j-simple\1.7.26\slf4j-simple-1.7.26.jar;C:\Users\conne\.m2\repository\io\reactivex\rxjava\1.3.8\rxjava-1.3.8.jar;C:\Users\conne\.m2\repository\com\microsoft\azure\azure-annotations\1.7.0\azure-annotations-1.7.0.jar;C:\Users\conne\.m2\repository\org\apache\httpcomponents\httpcore\4.4.11\httpcore-4.4.11.jar;C:\Users\conne\.m2\repository\com\drewnoakes\metadata-extractor\2.9.1\metadata-extractor-2.9.1.jar;C:\Users\conne\.m2\repository\com\adobe\xmp\xmpcore\5.1.2\xmpcore-5.1.2.jar;C:\Users\conne\.m2\repository\org\springframework\boot\spring-boot-starter-jdbc\2.1.5.RELEASE\spring-boot-starter-jdbc-2.1.5.RELEASE.jar;C:\Users\conne\.m2\repository\com\zaxxer\HikariCP\3.2.0\HikariCP-3.2.0.jar;C:\Users\conne\.m2\repository\org\springframework\spring-jdbc\5.1.7.RELEASE\spring-jdbc-5.1.7.RELEASE.jar;"/>
    <property name="java.vm.vendor" value="Oracle Corporation"/>
    <property name="sun.arch.data.model" value="64"/>
    <property name="user.variant" value=""/>
    <property name="java.vendor.url" value="http://java.oracle.com/"/>
    <property name="user.timezone" value="Asia/Tokyo"/>
    <property name="java.vm.specification.version" value="1.8"/>
    <property name="os.name" value="Windows 10"/>
    <property name="user.country" value="JP"/>
    <property name="sun.java.launcher" value="SUN_STANDARD"/>
    <property name="sun.boot.library.path" value="C:\Users\conne\Downloads\pleiades-4.8.0-java-win-64bit-jre_20180923\pleiades\java\8\jre\bin"/>
    <property name="sun.java.command" value="C:\Users\conne\AppData\Local\Temp\surefire1359346987034357538\surefirebooter9078333527058265390.jar C:\Users\conne\AppData\Local\Temp\surefire1359346987034357538 2019-08-08T10-34-37_239-jvmRun1 surefire4109531423007184381tmp surefire_05908087066662446455tmp"/>
    <property name="surefire.test.class.path" value="C:\Users\conne\git\takashiro-project\takashiro-project\connectgram\target\test-classes;C:\Users\conne\git\takashiro-project\takashiro-project\connectgram\target\classes;C:\Users\conne\.m2\repository\org\projectlombok\lombok\1.18.8\lombok-1.18.8.jar;C:\Users\conne\.m2\repository\mysql\mysql-connector-java\8.0.16\mysql-connector-java-8.0.16.jar;C:\Users\conne\.m2\repository\org\springframework\boot\spring-boot-starter-web\2.1.5.RELEASE\spring-boot-starter-web-2.1.5.RELEASE.jar;C:\Users\conne\.m2\repository\org\springframework\boot\spring-boot-starter\2.1.5.RELEASE\spring-boot-starter-2.1.5.RELEASE.jar;C:\Users\conne\.m2\repository\org\springframework\boot\spring-boot\2.1.5.RELEASE\spring-boot-2.1.5.RELEASE.jar;C:\Users\conne\.m2\repository\org\springframework\boot\spring-boot-autoconfigure\2.1.5.RELEASE\spring-boot-autoconfigure-2.1.5.RELEASE.jar;C:\Users\conne\.m2\repository\org\springframework\boot\spring-boot-starter-logging\2.1.5.RELEASE\spring-boot-starter-logging-2.1.5.RELEASE.jar;C:\Users\conne\.m2\repository\ch\qos\logback\logback-classic\1.2.3\logback-classic-1.2.3.jar;C:\Users\conne\.m2\repository\ch\qos\logback\logback-core\1.2.3\logback-core-1.2.3.jar;C:\Users\conne\.m2\repository\org\apache\logging\log4j\log4j-to-slf4j\2.11.2\log4j-to-slf4j-2.11.2.jar;C:\Users\conne\.m2\repository\org\apache\logging\log4j\log4j-api\2.11.2\log4j-api-2.11.2.jar;C:\Users\conne\.m2\repository\org\slf4j\jul-to-slf4j\1.7.26\jul-to-slf4j-1.7.26.jar;C:\Users\conne\.m2\repository\javax\annotation\javax.annotation-api\1.3.2\javax.annotation-api-1.3.2.jar;C:\Users\conne\.m2\repository\org\yaml\snakeyaml\1.23\snakeyaml-1.23.jar;C:\Users\conne\.m2\repository\org\springframework\boot\spring-boot-starter-tomcat\2.1.5.RELEASE\spring-boot-starter-tomcat-2.1.5.RELEASE.jar;C:\Users\conne\.m2\repository\org\apache\tomcat\embed\tomcat-embed-core\9.0.19\tomcat-embed-core-9.0.19.jar;C:\Users\conne\.m2\repository\org\apache\tomcat\embed\tomcat-embed-el\9.0.19\tomcat-embed-el-9.0.19.jar;C:\Users\conne\.m2\repository\org\apache\tomcat\embed\tomcat-embed-websocket\9.0.19\tomcat-embed-websocket-9.0.19.jar;C:\Users\conne\.m2\repository\org\hibernate\validator\hibernate-validator\6.0.16.Final\hibernate-validator-6.0.16.Final.jar;C:\Users\conne\.m2\repository\javax\validation\validation-api\2.0.1.Final\validation-api-2.0.1.Final.jar;C:\Users\conne\.m2\repository\org\jboss\logging\jboss-logging\3.3.2.Final\jboss-logging-3.3.2.Final.jar;C:\Users\conne\.m2\repository\com\fasterxml\classmate\1.4.0\classmate-1.4.0.jar;C:\Users\conne\.m2\repository\org\springframework\spring-web\5.1.7.RELEASE\spring-web-5.1.7.RELEASE.jar;C:\Users\conne\.m2\repository\org\springframework\spring-webmvc\5.1.7.RELEASE\spring-webmvc-5.1.7.RELEASE.jar;C:\Users\conne\.m2\repository\org\springframework\boot\spring-boot-starter-test\2.1.5.RELEASE\spring-boot-starter-test-2.1.5.RELEASE.jar;C:\Users\conne\.m2\repository\org\springframework\boot\spring-boot-test\2.1.5.RELEASE\spring-boot-test-2.1.5.RELEASE.jar;C:\Users\conne\.m2\repository\org\springframework\boot\spring-boot-test-autoconfigure\2.1.5.RELEASE\spring-boot-test-autoconfigure-2.1.5.RELEASE.jar;C:\Users\conne\.m2\repository\com\jayway\jsonpath\json-path\2.4.0\json-path-2.4.0.jar;C:\Users\conne\.m2\repository\net\minidev\json-smart\2.3\json-smart-2.3.jar;C:\Users\conne\.m2\repository\net\minidev\accessors-smart\1.2\accessors-smart-1.2.jar;C:\Users\conne\.m2\repository\org\ow2\asm\asm\5.0.4\asm-5.0.4.jar;C:\Users\conne\.m2\repository\org\slf4j\slf4j-api\1.7.26\slf4j-api-1.7.26.jar;C:\Users\conne\.m2\repository\junit\junit\4.12\junit-4.12.jar;C:\Users\conne\.m2\repository\org\assertj\assertj-core\3.11.1\assertj-core-3.11.1.jar;C:\Users\conne\.m2\repository\org\mockito\mockito-core\2.23.4\mockito-core-2.23.4.jar;C:\Users\conne\.m2\repository\net\bytebuddy\byte-buddy\1.9.12\byte-buddy-1.9.12.jar;C:\Users\conne\.m2\repository\net\bytebuddy\byte-buddy-agent\1.9.12\byte-buddy-agent-1.9.12.jar;C:\Users\conne\.m2\repository\org\objenesis\objenesis\2.6\objenesis-2.6.jar;C:\Users\conne\.m2\repository\org\hamcrest\hamcrest-core\1.3\hamcrest-core-1.3.jar;C:\Users\conne\.m2\repository\org\hamcrest\hamcrest-library\1.3\hamcrest-library-1.3.jar;C:\Users\conne\.m2\repository\org\skyscreamer\jsonassert\1.5.0\jsonassert-1.5.0.jar;C:\Users\conne\.m2\repository\com\vaadin\external\google\android-json\0.0.20131108.vaadin1\android-json-0.0.20131108.vaadin1.jar;C:\Users\conne\.m2\repository\org\springframework\spring-core\5.1.7.RELEASE\spring-core-5.1.7.RELEASE.jar;C:\Users\conne\.m2\repository\org\springframework\spring-test\5.1.7.RELEASE\spring-test-5.1.7.RELEASE.jar;C:\Users\conne\.m2\repository\org\xmlunit\xmlunit-core\2.6.2\xmlunit-core-2.6.2.jar;C:\Users\conne\.m2\repository\org\springframework\boot\spring-boot-starter-thymeleaf\2.1.5.RELEASE\spring-boot-starter-thymeleaf-2.1.5.RELEASE.jar;C:\Users\conne\.m2\repository\org\thymeleaf\thymeleaf-spring5\3.0.11.RELEASE\thymeleaf-spring5-3.0.11.RELEASE.jar;C:\Users\conne\.m2\repository\org\thymeleaf\thymeleaf\3.0.11.RELEASE\thymeleaf-3.0.11.RELEASE.jar;C:\Users\conne\.m2\repository\org\attoparser\attoparser\2.0.5.RELEASE\attoparser-2.0.5.RELEASE.jar;C:\Users\conne\.m2\repository\org\unbescape\unbescape\1.1.6.RELEASE\unbescape-1.1.6.RELEASE.jar;C:\Users\conne\.m2\repository\org\thymeleaf\extras\thymeleaf-extras-java8time\3.0.4.RELEASE\thymeleaf-extras-java8time-3.0.4.RELEASE.jar;C:\Users\conne\.m2\repository\org\springframework\boot\spring-boot-starter-data-jpa\2.1.5.RELEASE\spring-boot-starter-data-jpa-2.1.5.RELEASE.jar;C:\Users\conne\.m2\repository\org\springframework\boot\spring-boot-starter-aop\2.1.5.RELEASE\spring-boot-starter-aop-2.1.5.RELEASE.jar;C:\Users\conne\.m2\repository\org\aspectj\aspectjweaver\1.9.4\aspectjweaver-1.9.4.jar;C:\Users\conne\.m2\repository\javax\transaction\javax.transaction-api\1.3\javax.transaction-api-1.3.jar;C:\Users\conne\.m2\repository\javax\xml\bind\jaxb-api\2.3.1\jaxb-api-2.3.1.jar;C:\Users\conne\.m2\repository\javax\activation\javax.activation-api\1.2.0\javax.activation-api-1.2.0.jar;C:\Users\conne\.m2\repository\org\hibernate\hibernate-core\5.3.10.Final\hibernate-core-5.3.10.Final.jar;C:\Users\conne\.m2\repository\javax\persistence\javax.persistence-api\2.2\javax.persistence-api-2.2.jar;C:\Users\conne\.m2\repository\org\javassist\javassist\3.23.2-GA\javassist-3.23.2-GA.jar;C:\Users\conne\.m2\repository\antlr\antlr\2.7.7\antlr-2.7.7.jar;C:\Users\conne\.m2\repository\org\jboss\jandex\2.0.5.Final\jandex-2.0.5.Final.jar;C:\Users\conne\.m2\repository\org\dom4j\dom4j\2.1.1\dom4j-2.1.1.jar;C:\Users\conne\.m2\repository\org\hibernate\common\hibernate-commons-annotations\5.0.4.Final\hibernate-commons-annotations-5.0.4.Final.jar;C:\Users\conne\.m2\repository\org\springframework\data\spring-data-jpa\2.1.8.RELEASE\spring-data-jpa-2.1.8.RELEASE.jar;C:\Users\conne\.m2\repository\org\springframework\data\spring-data-commons\2.1.8.RELEASE\spring-data-commons-2.1.8.RELEASE.jar;C:\Users\conne\.m2\repository\org\springframework\spring-orm\5.1.7.RELEASE\spring-orm-5.1.7.RELEASE.jar;C:\Users\conne\.m2\repository\org\springframework\spring-tx\5.1.7.RELEASE\spring-tx-5.1.7.RELEASE.jar;C:\Users\conne\.m2\repository\org\springframework\spring-aspects\5.1.7.RELEASE\spring-aspects-5.1.7.RELEASE.jar;C:\Users\conne\.m2\repository\org\springframework\session\spring-session-core\2.1.6.RELEASE\spring-session-core-2.1.6.RELEASE.jar;C:\Users\conne\.m2\repository\org\springframework\spring-jcl\5.1.7.RELEASE\spring-jcl-5.1.7.RELEASE.jar;C:\Users\conne\.m2\repository\org\springframework\security\spring-security-web\5.1.5.RELEASE\spring-security-web-5.1.5.RELEASE.jar;C:\Users\conne\.m2\repository\org\springframework\security\spring-security-core\5.1.5.RELEASE\spring-security-core-5.1.5.RELEASE.jar;C:\Users\conne\.m2\repository\org\springframework\spring-aop\5.1.7.RELEASE\spring-aop-5.1.7.RELEASE.jar;C:\Users\conne\.m2\repository\org\springframework\spring-beans\5.1.7.RELEASE\spring-beans-5.1.7.RELEASE.jar;C:\Users\conne\.m2\repository\org\springframework\spring-context\5.1.7.RELEASE\spring-context-5.1.7.RELEASE.jar;C:\Users\conne\.m2\repository\org\springframework\spring-expression\5.1.7.RELEASE\spring-expression-5.1.7.RELEASE.jar;C:\Users\conne\.m2\repository\org\springframework\security\spring-security-config\5.1.5.RELEASE\spring-security-config-5.1.5.RELEASE.jar;C:\Users\conne\.m2\repository\org\springframework\security\spring-security-taglibs\5.1.5.RELEASE\spring-security-taglibs-5.1.5.RELEASE.jar;C:\Users\conne\.m2\repository\org\springframework\security\spring-security-acl\5.1.5.RELEASE\spring-security-acl-5.1.5.RELEASE.jar;C:\Users\conne\.m2\repository\org\springframework\boot\spring-boot-starter-json\2.1.5.RELEASE\spring-boot-starter-json-2.1.5.RELEASE.jar;C:\Users\conne\.m2\repository\com\fasterxml\jackson\core\jackson-databind\2.9.8\jackson-databind-2.9.8.jar;C:\Users\conne\.m2\repository\com\fasterxml\jackson\core\jackson-annotations\2.9.0\jackson-annotations-2.9.0.jar;C:\Users\conne\.m2\repository\com\fasterxml\jackson\core\jackson-core\2.9.8\jackson-core-2.9.8.jar;C:\Users\conne\.m2\repository\com\fasterxml\jackson\datatype\jackson-datatype-jdk8\2.9.8\jackson-datatype-jdk8-2.9.8.jar;C:\Users\conne\.m2\repository\com\fasterxml\jackson\datatype\jackson-datatype-jsr310\2.9.8\jackson-datatype-jsr310-2.9.8.jar;C:\Users\conne\.m2\repository\com\fasterxml\jackson\module\jackson-module-parameter-names\2.9.8\jackson-module-parameter-names-2.9.8.jar;C:\Users\conne\.m2\repository\com\microsoft\azure\azure-webapp-maven-plugin\1.4.0\azure-webapp-maven-plugin-1.4.0.jar;C:\Users\conne\.m2\repository\org\apache\maven\maven-plugin-api\3.3.3\maven-plugin-api-3.3.3.jar;C:\Users\conne\.m2\repository\org\apache\maven\maven-artifact\3.3.3\maven-artifact-3.3.3.jar;C:\Users\conne\.m2\repository\org\eclipse\sisu\org.eclipse.sisu.plexus\0.3.0\org.eclipse.sisu.plexus-0.3.0.jar;C:\Users\conne\.m2\repository\javax\enterprise\cdi-api\1.0\cdi-api-1.0.jar;C:\Users\conne\.m2\repository\javax\annotation\jsr250-api\1.0\jsr250-api-1.0.jar;C:\Users\conne\.m2\repository\org\eclipse\sisu\org.eclipse.sisu.inject\0.3.0\org.eclipse.sisu.inject-0.3.0.jar;C:\Users\conne\.m2\repository\org\apache\maven\maven-core\3.3.3\maven-core-3.3.3.jar;C:\Users\conne\.m2\repository\org\apache\maven\maven-settings-builder\3.3.3\maven-settings-builder-3.3.3.jar;C:\Users\conne\.m2\repository\org\apache\maven\maven-builder-support\3.3.3\maven-builder-support-3.3.3.jar;C:\Users\conne\.m2\repository\org\apache\maven\maven-repository-metadata\3.3.3\maven-repository-metadata-3.3.3.jar;C:\Users\conne\.m2\repository\org\apache\maven\maven-model-builder\3.3.3\maven-model-builder-3.3.3.jar;C:\Users\conne\.m2\repository\org\apache\maven\maven-aether-provider\3.3.3\maven-aether-provider-3.3.3.jar;C:\Users\conne\.m2\repository\org\eclipse\aether\aether-spi\1.0.2.v20150114\aether-spi-1.0.2.v20150114.jar;C:\Users\conne\.m2\repository\org\eclipse\aether\aether-impl\1.0.2.v20150114\aether-impl-1.0.2.v20150114.jar;C:\Users\conne\.m2\repository\org\eclipse\aether\aether-api\1.0.2.v20150114\aether-api-1.0.2.v20150114.jar;C:\Users\conne\.m2\repository\org\eclipse\aether\aether-util\1.0.2.v20150114\aether-util-1.0.2.v20150114.jar;C:\Users\conne\.m2\repository\org\sonatype\sisu\sisu-guice\3.2.5\sisu-guice-3.2.5-no_aop.jar;C:\Users\conne\.m2\repository\javax\inject\javax.inject\1\javax.inject-1.jar;C:\Users\conne\.m2\repository\aopalliance\aopalliance\1.0\aopalliance-1.0.jar;C:\Users\conne\.m2\repository\org\codehaus\plexus\plexus-interpolation\1.21\plexus-interpolation-1.21.jar;C:\Users\conne\.m2\repository\org\codehaus\plexus\plexus-classworlds\2.5.2\plexus-classworlds-2.5.2.jar;C:\Users\conne\.m2\repository\org\codehaus\plexus\plexus-component-annotations\1.5.5\plexus-component-annotations-1.5.5.jar;C:\Users\conne\.m2\repository\org\sonatype\plexus\plexus-sec-dispatcher\1.3\plexus-sec-dispatcher-1.3.jar;C:\Users\conne\.m2\repository\org\sonatype\plexus\plexus-cipher\1.4\plexus-cipher-1.4.jar;C:\Users\conne\.m2\repository\org\apache\maven\maven-settings\3.3.3\maven-settings-3.3.3.jar;C:\Users\conne\.m2\repository\org\apache\maven\maven-model\3.3.3\maven-model-3.3.3.jar;C:\Users\conne\.m2\repository\org\codehaus\plexus\plexus-utils\3.0.20\plexus-utils-3.0.20.jar;C:\Users\conne\.m2\repository\com\microsoft\azure\azure-maven-plugin-lib\1.1.1\azure-maven-plugin-lib-1.1.1.jar;C:\Users\conne\.m2\repository\org\apache\maven\shared\maven-filtering\3.0.0\maven-filtering-3.0.0.jar;C:\Users\conne\.m2\repository\org\apache\maven\shared\maven-shared-utils\3.0.0\maven-shared-utils-3.0.0.jar;C:\Users\conne\.m2\repository\com\google\code\findbugs\jsr305\2.0.1\jsr305-2.0.1.jar;C:\Users\conne\.m2\repository\org\sonatype\plexus\plexus-build-api\0.0.7\plexus-build-api-0.0.7.jar;C:\Users\conne\.m2\repository\com\microsoft\azure\azure\1.14.0\azure-1.14.0.jar;C:\Users\conne\.m2\repository\com\microsoft\azure\azure-client-authentication\1.6.0\azure-client-authentication-1.6.0.jar;C:\Users\conne\.m2\repository\com\microsoft\azure\adal4j\1.1.2\adal4j-1.1.2.jar;C:\Users\conne\.m2\repository\com\nimbusds\oauth2-oidc-sdk\4.5\oauth2-oidc-sdk-4.5.jar;C:\Users\conne\.m2\repository\javax\mail\mail\1.4.7\mail-1.4.7.jar;C:\Users\conne\.m2\repository\javax\activation\activation\1.1\activation-1.1.jar;C:\Users\conne\.m2\repository\net\jcip\jcip-annotations\1.0\jcip-annotations-1.0.jar;C:\Users\conne\.m2\repository\com\nimbusds\lang-tag\1.4\lang-tag-1.4.jar;C:\Users\conne\.m2\repository\com\nimbusds\nimbus-jose-jwt\3.1.2\nimbus-jose-jwt-3.1.2.jar;C:\Users\conne\.m2\repository\org\bouncycastle\bcprov-jdk15on\1.51\bcprov-jdk15on-1.51.jar;C:\Users\conne\.m2\repository\com\microsoft\azure\azure-mgmt-network\1.14.0\azure-mgmt-network-1.14.0.jar;C:\Users\conne\.m2\repository\com\microsoft\azure\azure-mgmt-compute\1.14.0\azure-mgmt-compute-1.14.0.jar;C:\Users\conne\.m2\repository\com\google\code\gson\gson\2.8.5\gson-2.8.5.jar;C:\Users\conne\.m2\repository\com\microsoft\azure\azure-mgmt-graph-rbac\1.14.0\azure-mgmt-graph-rbac-1.14.0.jar;C:\Users\conne\.m2\repository\com\microsoft\azure\azure-mgmt-keyvault\1.14.0\azure-mgmt-keyvault-1.14.0.jar;C:\Users\conne\.m2\repository\com\microsoft\azure\azure-keyvault\1.0.0\azure-keyvault-1.0.0.jar;C:\Users\conne\.m2\repository\com\microsoft\azure\azure-keyvault-webkey\1.0.0\azure-keyvault-webkey-1.0.0.jar;C:\Users\conne\.m2\repository\com\microsoft\azure\azure-mgmt-batch\1.14.0\azure-mgmt-batch-1.14.0.jar;C:\Users\conne\.m2\repository\com\microsoft\azure\azure-mgmt-trafficmanager\1.14.0\azure-mgmt-trafficmanager-1.14.0.jar;C:\Users\conne\.m2\repository\com\microsoft\azure\azure-mgmt-dns\1.14.0\azure-mgmt-dns-1.14.0.jar;C:\Users\conne\.m2\repository\com\microsoft\azure\azure-mgmt-redis\1.14.0\azure-mgmt-redis-1.14.0.jar;C:\Users\conne\.m2\repository\com\microsoft\azure\azure-mgmt-appservice\1.14.0\azure-mgmt-appservice-1.14.0.jar;C:\Users\conne\.m2\repository\com\microsoft\azure\azure-storage\6.1.0\azure-storage-6.1.0.jar;C:\Users\conne\.m2\repository\com\microsoft\azure\azure-keyvault-core\0.8.0\azure-keyvault-core-0.8.0.jar;C:\Users\conne\.m2\repository\com\microsoft\azure\azure-mgmt-locks\1.14.0\azure-mgmt-locks-1.14.0.jar;C:\Users\conne\.m2\repository\com\microsoft\azure\azure-mgmt-eventhub\1.14.0\azure-mgmt-eventhub-1.14.0.jar;C:\Users\conne\.m2\repository\com\microsoft\azure\azure-mgmt-cdn\1.14.0\azure-mgmt-cdn-1.14.0.jar;C:\Users\conne\.m2\repository\com\microsoft\azure\azure-mgmt-sql\1.14.0\azure-mgmt-sql-1.14.0.jar;C:\Users\conne\.m2\repository\com\microsoft\azure\azure-mgmt-containerinstance\1.14.0\azure-mgmt-containerinstance-1.14.0.jar;C:\Users\conne\.m2\repository\com\microsoft\azure\azure-mgmt-containerregistry\1.14.0\azure-mgmt-containerregistry-1.14.0.jar;C:\Users\conne\.m2\repository\com\microsoft\azure\azure-mgmt-containerservice\1.14.0\azure-mgmt-containerservice-1.14.0.jar;C:\Users\conne\.m2\repository\com\microsoft\azure\azure-mgmt-cosmosdb\1.14.0\azure-mgmt-cosmosdb-1.14.0.jar;C:\Users\conne\.m2\repository\com\microsoft\azure\azure-mgmt-search\1.14.0\azure-mgmt-search-1.14.0.jar;C:\Users\conne\.m2\repository\com\microsoft\azure\azure-mgmt-msi\1.14.0\azure-mgmt-msi-1.14.0.jar;C:\Users\conne\.m2\repository\com\microsoft\azure\azure-mgmt-monitor\1.14.0\azure-mgmt-monitor-1.14.0.jar;C:\Users\conne\.m2\repository\com\microsoft\azure\azure-mgmt-servicebus\1.14.0\azure-mgmt-servicebus-1.14.0.jar;C:\Users\conne\.m2\repository\joda-time\joda-time\2.10.2\joda-time-2.10.2.jar;C:\Users\conne\.m2\repository\com\microsoft\azure\azure-mgmt-batchai\1.14.0\azure-mgmt-batchai-1.14.0.jar;C:\Users\conne\.m2\repository\com\microsoft\azure\applicationinsights-core\1.0.9\applicationinsights-core-1.0.9.jar;C:\Users\conne\.m2\repository\eu\infomas\annotation-detector\3.0.4\annotation-detector-3.0.4.jar;C:\Users\conne\.m2\repository\org\apache\commons\commons-lang3\3.8.1\commons-lang3-3.8.1.jar;C:\Users\conne\.m2\repository\org\apache\httpcomponents\httpclient\4.5.8\httpclient-4.5.8.jar;C:\Users\conne\.m2\repository\commons-net\commons-net\3.6\commons-net-3.6.jar;C:\Users\conne\.m2\repository\org\zeroturnaround\zt-zip\1.13\zt-zip-1.13.jar;C:\Users\conne\.m2\repository\com\microsoft\azure\azure-storage-spring-boot-starter\2.1.6\azure-storage-spring-boot-starter-2.1.6.jar;C:\Users\conne\.m2\repository\com\microsoft\azure\azure-spring-boot-starter\2.1.6\azure-spring-boot-starter-2.1.6.jar;C:\Users\conne\.m2\repository\org\springframework\boot\spring-boot-starter-validation\2.1.5.RELEASE\spring-boot-starter-validation-2.1.5.RELEASE.jar;C:\Users\conne\.m2\repository\com\microsoft\azure\azure-spring-boot\2.1.6\azure-spring-boot-2.1.6.jar;C:\Users\conne\.m2\repository\com\microsoft\azure\azure-storage-blob\10.1.0\azure-storage-blob-10.1.0.jar;C:\Users\conne\.m2\repository\com\microsoft\rest\v2\client-runtime\2.0.0\client-runtime-2.0.0.jar;C:\Users\conne\.m2\repository\io\netty\netty-handler\4.1.36.Final\netty-handler-4.1.36.Final.jar;C:\Users\conne\.m2\repository\io\netty\netty-common\4.1.36.Final\netty-common-4.1.36.Final.jar;C:\Users\conne\.m2\repository\io\netty\netty-transport\4.1.36.Final\netty-transport-4.1.36.Final.jar;C:\Users\conne\.m2\repository\io\netty\netty-resolver\4.1.36.Final\netty-resolver-4.1.36.Final.jar;C:\Users\conne\.m2\repository\io\netty\netty-codec\4.1.36.Final\netty-codec-4.1.36.Final.jar;C:\Users\conne\.m2\repository\io\netty\netty-handler-proxy\4.1.36.Final\netty-handler-proxy-4.1.36.Final.jar;C:\Users\conne\.m2\repository\io\netty\netty-codec-socks\4.1.36.Final\netty-codec-socks-4.1.36.Final.jar;C:\Users\conne\.m2\repository\io\netty\netty-buffer\4.1.36.Final\netty-buffer-4.1.36.Final.jar;C:\Users\conne\.m2\repository\io\netty\netty-codec-http\4.1.36.Final\netty-codec-http-4.1.36.Final.jar;C:\Users\conne\.m2\repository\com\fasterxml\jackson\dataformat\jackson-dataformat-xml\2.9.8\jackson-dataformat-xml-2.9.8.jar;C:\Users\conne\.m2\repository\com\fasterxml\jackson\module\jackson-module-jaxb-annotations\2.9.8\jackson-module-jaxb-annotations-2.9.8.jar;C:\Users\conne\.m2\repository\org\codehaus\woodstox\stax2-api\3.1.4\stax2-api-3.1.4.jar;C:\Users\conne\.m2\repository\com\fasterxml\woodstox\woodstox-core\5.0.3\woodstox-core-5.0.3.jar;C:\Users\conne\.m2\repository\io\reactivex\rxjava2\rxjava\2.2.8\rxjava-2.2.8.jar;C:\Users\conne\.m2\repository\org\reactivestreams\reactive-streams\1.0.2\reactive-streams-1.0.2.jar;C:\Users\conne\.m2\repository\commons-io\commons-io\2.3\commons-io-2.3.jar;C:\Users\conne\.m2\repository\commons-codec\commons-codec\1.11\commons-codec-1.11.jar;C:\Users\conne\.m2\repository\com\microsoft\azure\azure-mgmt-storage\1.14.0\azure-mgmt-storage-1.14.0.jar;C:\Users\conne\.m2\repository\com\microsoft\azure\azure-client-runtime\1.6.0\azure-client-runtime-1.6.0.jar;C:\Users\conne\.m2\repository\com\microsoft\rest\client-runtime\1.6.0\client-runtime-1.6.0.jar;C:\Users\conne\.m2\repository\com\google\guava\guava\20.0\guava-20.0.jar;C:\Users\conne\.m2\repository\com\squareup\retrofit2\retrofit\2.4.0\retrofit-2.4.0.jar;C:\Users\conne\.m2\repository\com\squareup\okhttp3\okhttp\3.11.0\okhttp-3.11.0.jar;C:\Users\conne\.m2\repository\com\squareup\okio\okio\1.14.0\okio-1.14.0.jar;C:\Users\conne\.m2\repository\com\squareup\okhttp3\logging-interceptor\3.11.0\logging-interceptor-3.11.0.jar;C:\Users\conne\.m2\repository\com\squareup\okhttp3\okhttp-urlconnection\3.11.0\okhttp-urlconnection-3.11.0.jar;C:\Users\conne\.m2\repository\com\squareup\retrofit2\converter-jackson\2.4.0\converter-jackson-2.4.0.jar;C:\Users\conne\.m2\repository\com\fasterxml\jackson\datatype\jackson-datatype-joda\2.9.8\jackson-datatype-joda-2.9.8.jar;C:\Users\conne\.m2\repository\com\squareup\retrofit2\adapter-rxjava\2.4.0\adapter-rxjava-2.4.0.jar;C:\Users\conne\.m2\repository\com\microsoft\azure\azure-mgmt-resources\1.14.0\azure-mgmt-resources-1.14.0.jar;C:\Users\conne\.m2\repository\org\slf4j\slf4j-simple\1.7.26\slf4j-simple-1.7.26.jar;C:\Users\conne\.m2\repository\io\reactivex\rxjava\1.3.8\rxjava-1.3.8.jar;C:\Users\conne\.m2\repository\com\microsoft\azure\azure-annotations\1.7.0\azure-annotations-1.7.0.jar;C:\Users\conne\.m2\repository\org\apache\httpcomponents\httpcore\4.4.11\httpcore-4.4.11.jar;C:\Users\conne\.m2\repository\com\drewnoakes\metadata-extractor\2.9.1\metadata-extractor-2.9.1.jar;C:\Users\conne\.m2\repository\com\adobe\xmp\xmpcore\5.1.2\xmpcore-5.1.2.jar;C:\Users\conne\.m2\repository\org\springframework\boot\spring-boot-starter-jdbc\2.1.5.RELEASE\spring-boot-starter-jdbc-2.1.5.RELEASE.jar;C:\Users\conne\.m2\repository\com\zaxxer\HikariCP\3.2.0\HikariCP-3.2.0.jar;C:\Users\conne\.m2\repository\org\springframework\spring-jdbc\5.1.7.RELEASE\spring-jdbc-5.1.7.RELEASE.jar;"/>
    <property name="sun.cpu.endian" value="little"/>
    <property name="user.home" value="C:\Users\conne"/>
    <property name="user.language" value="ja"/>
    <property name="java.specification.vendor" value="Oracle Corporation"/>
    <property name="java.home" value="C:\Users\conne\Downloads\pleiades-4.8.0-java-win-64bit-jre_20180923\pleiades\java\8\jre"/>
    <property name="basedir" value="C:\Users\conne\git\takashiro-project\takashiro-project\connectgram"/>
    <property name="style.color" value="always"/>
    <property name="file.separator" value="\"/>
    <property name="line.separator" value="&#10;"/>
    <property name="java.vm.specification.vendor" value="Oracle Corporation"/>
    <property name="java.specification.name" value="Java Platform API Specification"/>
    <property name="java.awt.graphicsenv" value="sun.awt.Win32GraphicsEnvironment"/>
    <property name="surefire.real.class.path" value="C:\Users\conne\AppData\Local\Temp\surefire1359346987034357538\surefirebooter9078333527058265390.jar"/>
    <property name="sun.boot.class.path" value="C:\Users\conne\Downloads\pleiades-4.8.0-java-win-64bit-jre_20180923\pleiades\java\8\jre\lib\resources.jar;C:\Users\conne\Downloads\pleiades-4.8.0-java-win-64bit-jre_20180923\pleiades\java\8\jre\lib\rt.jar;C:\Users\conne\Downloads\pleiades-4.8.0-java-win-64bit-jre_20180923\pleiades\java\8\jre\lib\sunrsasign.jar;C:\Users\conne\Downloads\pleiades-4.8.0-java-win-64bit-jre_20180923\pleiades\java\8\jre\lib\jsse.jar;C:\Users\conne\Downloads\pleiades-4.8.0-java-win-64bit-jre_20180923\pleiades\java\8\jre\lib\jce.jar;C:\Users\conne\Downloads\pleiades-4.8.0-java-win-64bit-jre_20180923\pleiades\java\8\jre\lib\charsets.jar;C:\Users\conne\Downloads\pleiades-4.8.0-java-win-64bit-jre_20180923\pleiades\java\8\jre\lib\jfr.jar;C:\Users\conne\Downloads\pleiades-4.8.0-java-win-64bit-jre_20180923\pleiades\java\8\jre\classes"/>
    <property name="user.script" value=""/>
    <property name="sun.management.compiler" value="HotSpot 64-Bit Tiered Compilers"/>
    <property name="java.runtime.version" value="1.8.0_172-b11"/>
    <property name="user.name" value="conne"/>
    <property name="path.separator" value=";"/>
    <property name="os.version" value="10.0"/>
    <property name="java.endorsed.dirs" value="C:\Users\conne\Downloads\pleiades-4.8.0-java-win-64bit-jre_20180923\pleiades\java\8\jre\lib\endorsed"/>
    <property name="java.runtime.name" value="Java(TM) SE Runtime Environment"/>
    <property name="file.encoding" value="MS932"/>
    <property name="java.vm.name" value="Java HotSpot(TM) 64-Bit Server VM"/>
    <property name="localRepository" value="C:\Users\conne\.m2\repository"/>
    <property name="java.vendor.url.bug" value="http://bugreport.sun.com/bugreport/"/>
    <property name="java.io.tmpdir" value="C:\Users\conne\AppData\Local\Temp\"/>
    <property name="java.version" value="1.8.0_172"/>
    <property name="user.dir" value="C:\Users\conne\git\takashiro-project\takashiro-project\connectgram"/>
    <property name="os.arch" value="amd64"/>
    <property name="java.vm.specification.name" value="Java Virtual Machine Specification"/>
    <property name="java.awt.printerjob" value="sun.awt.windows.WPrinterJob"/>
    <property name="sun.os.patch.level" value=""/>
    <property name="java.library.path" value="C:\Users\conne\Downloads\pleiades-4.8.0-java-win-64bit-jre_20180923\pleiades\java\8\jre\bin;C:\WINDOWS\Sun\Java\bin;C:\WINDOWS\system32;C:\WINDOWS;C:\Program Files (x86)\Microsoft SDKs\Azure\CLI2\wbin;C:\Program Files (x86)\Common Files\Oracle\Java\javapath;C:\WINDOWS\system32;C:\WINDOWS;C:\WINDOWS\System32\Wbem;C:\WINDOWS\System32\WindowsPowerShell\v1.0\;C:\WINDOWS\System32\OpenSSH\;C:\Program Files (x86)\Intel\Intel(R) Management Engine Components\DAL;C:\Program Files\Intel\Intel(R) Management Engine Components\DAL;C:\Program Files\MySQL\MySQL Workbench 8.0 CE;C:\develop\spring-2.0.0.BUILD-SNAPSHOT\bin;C:\Users\conne\Downloads\pleiades-4.8.0-java-win-64bit-jre_20180923\pleiades\java\8\jre\bin;C:\develop\apache-maven-3.6.1\bin;C:\develop\gradle-5.4.1\bin;C:\Users\conne\Anaconda3\Library\bin\graphviz;C:\develop\Git\cmd;C:\graphviz\release\bin;%USERPROFILE%\AppData\Local\Microsoft\WindowsApps;;."/>
    <property name="java.vm.info" value="mixed mode"/>
    <property name="java.vendor" value="Oracle Corporation"/>
    <property name="java.vm.version" value="25.172-b11"/>
    <property name="java.ext.dirs" value="C:\Users\conne\Downloads\pleiades-4.8.0-java-win-64bit-jre_20180923\pleiades\java\8\jre\lib\ext;C:\WINDOWS\Sun\Java\lib\ext"/>
    <property name="sun.io.unicode.encoding" value="UnicodeLittle"/>
    <property name="java.class.version" value="52.0"/>
  </properties>
  <testcase name="contextLoads" classname="com.example.demo.ConnectgramApplicationTests" time="0.073"/>
</testsuite>